# JRE version: Java(TM) SE Runtime Environment (8.0_231-b11) (build 1.8.0_231-b11)
# Java VM: Java HotSpot(TM) 64-Bit Server VM (25.231-b11 mixed mode bsd-amd64 compressed oops)
Heap:
 PSYoungGen      total 129024K, used 17929K [0x00000007e5d80000, 0x00000007f0300000, 0x00000007f0800000)
  eden space 88064K, 0% used [0x00000007e5d80000,0x00000007e5d80000,0x00000007eb380000)
  from space 40960K, 43% used [0x00000007eda80000,0x00000007eec02740,0x00000007f0280000)
  to   space 39936K, 0% used [0x00000007eb380000,0x00000007eb380000,0x00000007eda80000)
 ParOldGen       total 349696K, used 324834K [0x00000007d0800000, 0x00000007e5d80000, 0x00000007e5d80000)
  object space 349696K, 92% used [0x00000007d0800000,0x00000007e4538bf0,0x00000007e5d80000)
 Metaspace       used 125306K, capacity 132452K, committed 132608K, reserved 1165312K
  class space    used 15851K, capacity 17351K, committed 17408K, reserved 1048576K
GC Heap History (10 events):
Event: 1904,276 GC heap after
Heap after GC invocations=111 (full 7):
 PSYoungGen      total 121856K, used 3968K [0x00000007e5d80000, 0x00000007f0200000, 0x00000007f0800000)
  eden space 76288K, 0% used [0x00000007e5d80000,0x00000007e5d80000,0x00000007ea800000)
  from space 45568K, 8% used [0x00000007ed580000,0x00000007ed960030,0x00000007f0200000)
  to   space 46080K, 0% used [0x00000007ea800000,0x00000007ea800000,0x00000007ed500000)
 ParOldGen       total 349696K, used 305603K [0x00000007d0800000, 0x00000007e5d80000, 0x00000007e5d80000)
  object space 349696K, 87% used [0x00000007d0800000,0x00000007e3270cc8,0x00000007e5d80000)
 Metaspace       used 124152K, capacity 130538K, committed 130688K, reserved 1163264K
  class space    used 15678K, capacity 16955K, committed 17024K, reserved 1048576K
}
Event: 1914,941 GC heap before
{Heap before GC invocations=112 (full 7):
 PSYoungGen      total 121856K, used 80256K [0x00000007e5d80000, 0x00000007f0200000, 0x00000007f0800000)
  eden space 76288K, 100% used [0x00000007e5d80000,0x00000007ea800000,0x00000007ea800000)
  from space 45568K, 8% used [0x00000007ed580000,0x00000007ed960030,0x00000007f0200000)
  to   space 46080K, 0% used [0x00000007ea800000,0x00000007ea800000,0x00000007ed500000)
 ParOldGen       total 349696K, used 305603K [0x00000007d0800000, 0x00000007e5d80000, 0x00000007e5d80000)
  object space 349696K, 87% used [0x00000007d0800000,0x00000007e3270cc8,0x00000007e5d80000)
 Metaspace       used 124196K, capacity 130546K, committed 130688K, reserved 1163264K
  class space    used 15678K, capacity 16955K, committed 17024K, reserved 1048576K
Event: 1914,965 GC heap after
Heap after GC invocations=112 (full 7):
 PSYoungGen      total 122368K, used 4288K [0x00000007e5d80000, 0x00000007f0680000, 0x00000007f0800000)
  eden space 76288K, 0% used [0x00000007e5d80000,0x00000007e5d80000,0x00000007ea800000)
  from space 46080K, 9% used [0x00000007ea800000,0x00000007eac30000,0x00000007ed500000)
  to   space 45056K, 0% used [0x00000007eda80000,0x00000007eda80000,0x00000007f0680000)
 ParOldGen       total 349696K, used 308982K [0x00000007d0800000, 0x00000007e5d80000, 0x00000007e5d80000)
  object space 349696K, 88% used [0x00000007d0800000,0x00000007e35bd978,0x00000007e5d80000)
 Metaspace       used 124196K, capacity 130546K, committed 130688K, reserved 1163264K
  class space    used 15678K, capacity 16955K, committed 17024K, reserved 1048576K
}
Event: 3430,618 GC heap before
{Heap before GC invocations=113 (full 7):
 PSYoungGen      total 122368K, used 80576K [0x00000007e5d80000, 0x00000007f0680000, 0x00000007f0800000)
  eden space 76288K, 100% used [0x00000007e5d80000,0x00000007ea800000,0x00000007ea800000)
  from space 46080K, 9% used [0x00000007ea800000,0x00000007eac30000,0x00000007ed500000)
  to   space 45056K, 0% used [0x00000007eda80000,0x00000007eda80000,0x00000007f0680000)
 ParOldGen       total 349696K, used 308982K [0x00000007d0800000, 0x00000007e5d80000, 0x00000007e5d80000)
  object space 349696K, 88% used [0x00000007d0800000,0x00000007e35bd978,0x00000007e5d80000)
 Metaspace       used 124554K, capacity 131174K, committed 131328K, reserved 1163264K
  class space    used 15732K, capacity 17090K, committed 17152K, reserved 1048576K
Event: 3430,627 GC heap after
Heap after GC invocations=113 (full 7):
 PSYoungGen      total 126976K, used 2740K [0x00000007e5d80000, 0x00000007f0500000, 0x00000007f0800000)
  eden space 83456K, 0% used [0x00000007e5d80000,0x00000007e5d80000,0x00000007eaf00000)
  from space 43520K, 6% used [0x00000007eda80000,0x00000007edd2d290,0x00000007f0500000)
  to   space 44032K, 0% used [0x00000007eaf00000,0x00000007eaf00000,0x00000007eda00000)
 ParOldGen       total 349696K, used 309370K [0x00000007d0800000, 0x00000007e5d80000, 0x00000007e5d80000)
  object space 349696K, 88% used [0x00000007d0800000,0x00000007e361e988,0x00000007e5d80000)
 Metaspace       used 124554K, capacity 131174K, committed 131328K, reserved 1163264K
  class space    used 15732K, capacity 17090K, committed 17152K, reserved 1048576K
}
Event: 3433,932 GC heap before
{Heap before GC invocations=114 (full 7):
 PSYoungGen      total 126976K, used 86196K [0x00000007e5d80000, 0x00000007f0500000, 0x00000007f0800000)
  eden space 83456K, 100% used [0x00000007e5d80000,0x00000007eaf00000,0x00000007eaf00000)
  from space 43520K, 6% used [0x00000007eda80000,0x00000007edd2d290,0x00000007f0500000)
  to   space 44032K, 0% used [0x00000007eaf00000,0x00000007eaf00000,0x00000007eda00000)
 ParOldGen       total 349696K, used 309370K [0x00000007d0800000, 0x00000007e5d80000, 0x00000007e5d80000)
  object space 349696K, 88% used [0x00000007d0800000,0x00000007e361e988,0x00000007e5d80000)
 Metaspace       used 125193K, capacity 132258K, committed 132352K, reserved 1165312K
  class space    used 15841K, capacity 17340K, committed 17408K, reserved 1048576K
Event: 3433,953 GC heap after
Heap after GC invocations=114 (full 7):
 PSYoungGen      total 127488K, used 13851K [0x00000007e5d80000, 0x00000007f0280000, 0x00000007f0800000)
  eden space 83456K, 0% used [0x00000007e5d80000,0x00000007e5d80000,0x00000007eaf00000)
  from space 44032K, 31% used [0x00000007eaf00000,0x00000007ebc86fc8,0x00000007eda00000)
  to   space 40960K, 0% used [0x00000007eda80000,0x00000007eda80000,0x00000007f0280000)
 ParOldGen       total 349696K, used 311520K [0x00000007d0800000, 0x00000007e5d80000, 0x00000007e5d80000)
  object space 349696K, 89% used [0x00000007d0800000,0x00000007e3838290,0x00000007e5d80000)
 Metaspace       used 125193K, capacity 132258K, committed 132352K, reserved 1165312K
  class space    used 15841K, capacity 17340K, committed 17408K, reserved 1048576K
}
Event: 3434,399 GC heap before
{Heap before GC invocations=115 (full 7):
 PSYoungGen      total 127488K, used 97307K [0x00000007e5d80000, 0x00000007f0280000, 0x00000007f0800000)
  eden space 83456K, 100% used [0x00000007e5d80000,0x00000007eaf00000,0x00000007eaf00000)
  from space 44032K, 31% used [0x00000007eaf00000,0x00000007ebc86fc8,0x00000007eda00000)
  to   space 40960K, 0% used [0x00000007eda80000,0x00000007eda80000,0x00000007f0280000)
 ParOldGen       total 349696K, used 311522K [0x00000007d0800000, 0x00000007e5d80000, 0x00000007e5d80000)
  object space 349696K, 89% used [0x00000007d0800000,0x00000007e38388b8,0x00000007e5d80000)
 Metaspace       used 125306K, capacity 132452K, committed 132608K, reserved 1165312K
  class space    used 15851K, capacity 17351K, committed 17408K, reserved 1048576K
Event: 3434,428 GC heap after
Heap after GC invocations=115 (full 7):
 PSYoungGen      total 129024K, used 17929K [0x00000007e5d80000, 0x00000007f0300000, 0x00000007f0800000)
  eden space 88064K, 0% used [0x00000007e5d80000,0x00000007e5d80000,0x00000007eb380000)
  from space 40960K, 43% used [0x00000007eda80000,0x00000007eec02740,0x00000007f0280000)
  to   space 39936K, 0% used [0x00000007eb380000,0x00000007eb380000,0x00000007eda80000)
 ParOldGen       total 349696K, used 324834K [0x00000007d0800000, 0x00000007e5d80000, 0x00000007e5d80000)
  object space 349696K, 92% used [0x00000007d0800000,0x00000007e4538bf0,0x00000007e5d80000)
 Metaspace       used 125306K, capacity 132452K, committed 132608K, reserved 1165312K
  class space    used 15851K, capacity 17351K, committed 17408K, reserved 1048576K
}
Event: 3434,428 GC heap before
{Heap before GC invocations=116 (full 8):
 PSYoungGen      total 129024K, used 17929K [0x00000007e5d80000, 0x00000007f0300000, 0x00000007f0800000)
  eden space 88064K, 0% used [0x00000007e5d80000,0x00000007e5d80000,0x00000007eb380000)
  from space 40960K, 43% used [0x00000007eda80000,0x00000007eec02740,0x00000007f0280000)
  to   space 39936K, 0% used [0x00000007eb380000,0x00000007eb380000,0x00000007eda80000)
 ParOldGen       total 349696K, used 324834K [0x00000007d0800000, 0x00000007e5d80000, 0x00000007e5d80000)
  object space 349696K, 92% used [0x00000007d0800000,0x00000007e4538bf0,0x00000007e5d80000)
 Metaspace       used 125306K, capacity 132452K, committed 132608K, reserved 1165312K
  class space    used 15851K, capacity 17351K, committed 17408K, reserved 1048576K

