# JRE version: Java(TM) SE Runtime Environment (8.0_231-b11) (build 1.8.0_231-b11)
# Java VM: Java HotSpot(TM) 64-Bit Server VM (25.231-b11 mixed mode bsd-amd64 compressed oops)
Heap:
 PSYoungGen      total 18944K, used 14386K [0x00000007beb00000, 0x00000007c0000000, 0x00000007c0000000)
  eden space 16384K, 72% used [0x00000007beb00000,0x00000007bf690910,0x00000007bfb00000)
  from space 2560K, 99% used [0x00000007bfd80000,0x00000007bfffc010,0x00000007c0000000)
  to   space 2560K, 0% used [0x00000007bfb00000,0x00000007bfb00000,0x00000007bfd80000)
 ParOldGen       total 44032K, used 1175K [0x00000007bc000000, 0x00000007beb00000, 0x00000007beb00000)
  object space 44032K, 2% used [0x00000007bc000000,0x00000007bc125d98,0x00000007beb00000)
 Metaspace       used 10740K, capacity 11056K, committed 11392K, reserved 1058816K
  class space    used 1423K, capacity 1554K, committed 1664K, reserved 1048576K
GC Heap History (4 events):
Event: 6,487 GC heap before
{Heap before GC invocations=1 (full 0):
 PSYoungGen      total 18944K, used 16384K [0x00000007beb00000, 0x00000007c0000000, 0x00000007c0000000)
  eden space 16384K, 100% used [0x00000007beb00000,0x00000007bfb00000,0x00000007bfb00000)
  from space 2560K, 0% used [0x00000007bfd80000,0x00000007bfd80000,0x00000007c0000000)
  to   space 2560K, 0% used [0x00000007bfb00000,0x00000007bfb00000,0x00000007bfd80000)
 ParOldGen       total 44032K, used 0K [0x00000007bc000000, 0x00000007beb00000, 0x00000007beb00000)
  object space 44032K, 0% used [0x00000007bc000000,0x00000007bc000000,0x00000007beb00000)
 Metaspace       used 5704K, capacity 5952K, committed 6144K, reserved 1056768K
  class space    used 700K, capacity 768K, committed 768K, reserved 1048576K
Event: 6,491 GC heap after
Heap after GC invocations=1 (full 0):
 PSYoungGen      total 18944K, used 2455K [0x00000007beb00000, 0x00000007c0000000, 0x00000007c0000000)
  eden space 16384K, 0% used [0x00000007beb00000,0x00000007beb00000,0x00000007bfb00000)
  from space 2560K, 95% used [0x00000007bfb00000,0x00000007bfd65e98,0x00000007bfd80000)
  to   space 2560K, 0% used [0x00000007bfd80000,0x00000007bfd80000,0x00000007c0000000)
 ParOldGen       total 44032K, used 8K [0x00000007bc000000, 0x00000007beb00000, 0x00000007beb00000)
  object space 44032K, 0% used [0x00000007bc000000,0x00000007bc002000,0x00000007beb00000)
 Metaspace       used 5704K, capacity 5952K, committed 6144K, reserved 1056768K
  class space    used 700K, capacity 768K, committed 768K, reserved 1048576K
}
Event: 7,363 GC heap before
{Heap before GC invocations=2 (full 0):
 PSYoungGen      total 18944K, used 18839K [0x00000007beb00000, 0x00000007c0000000, 0x00000007c0000000)
  eden space 16384K, 100% used [0x00000007beb00000,0x00000007bfb00000,0x00000007bfb00000)
  from space 2560K, 95% used [0x00000007bfb00000,0x00000007bfd65e98,0x00000007bfd80000)
  to   space 2560K, 0% used [0x00000007bfd80000,0x00000007bfd80000,0x00000007c0000000)
 ParOldGen       total 44032K, used 8K [0x00000007bc000000, 0x00000007beb00000, 0x00000007beb00000)
  object space 44032K, 0% used [0x00000007bc000000,0x00000007bc002000,0x00000007beb00000)
 Metaspace       used 9004K, capacity 9322K, committed 9600K, reserved 1056768K
  class space    used 1189K, capacity 1297K, committed 1408K, reserved 1048576K
Event: 7,369 GC heap after
Heap after GC invocations=2 (full 0):
 PSYoungGen      total 18944K, used 2544K [0x00000007beb00000, 0x00000007c0000000, 0x00000007c0000000)
  eden space 16384K, 0% used [0x00000007beb00000,0x00000007beb00000,0x00000007bfb00000)
  from space 2560K, 99% used [0x00000007bfd80000,0x00000007bfffc010,0x00000007c0000000)
  to   space 2560K, 0% used [0x00000007bfb00000,0x00000007bfb00000,0x00000007bfd80000)
 ParOldGen       total 44032K, used 1175K [0x00000007bc000000, 0x00000007beb00000, 0x00000007beb00000)
  object space 44032K, 2% used [0x00000007bc000000,0x00000007bc125d98,0x00000007beb00000)
 Metaspace       used 9004K, capacity 9322K, committed 9600K, reserved 1056768K
  class space    used 1189K, capacity 1297K, committed 1408K, reserved 1048576K
}

