# JRE version: Java(TM) SE Runtime Environment (8.0_231-b11) (build 1.8.0_231-b11)
# Java VM: Java HotSpot(TM) 64-Bit Server VM (25.231-b11 mixed mode bsd-amd64 compressed oops)
Heap:
 PSYoungGen      total 140288K, used 110254K [0x00000007e5d80000, 0x00000007f0800000, 0x00000007f0800000)
  eden space 108032K, 83% used [0x00000007e5d80000,0x00000007eb56f550,0x00000007ec700000)
  from space 32256K, 62% used [0x00000007ee880000,0x00000007efc3c330,0x00000007f0800000)
  to   space 33280K, 0% used [0x00000007ec700000,0x00000007ec700000,0x00000007ee780000)
 ParOldGen       total 349696K, used 145050K [0x00000007d0800000, 0x00000007e5d80000, 0x00000007e5d80000)
  object space 349696K, 41% used [0x00000007d0800000,0x00000007d95a6bf0,0x00000007e5d80000)
 Metaspace       used 107523K, capacity 113691K, committed 113920K, reserved 1148928K
  class space    used 13763K, capacity 14985K, committed 15104K, reserved 1048576K
GC Heap History (10 events):
Event: 10487,495 GC heap before
{Heap before GC invocations=94 (full 6):
 PSYoungGen      total 123904K, used 123742K [0x00000007e5d80000, 0x00000007f0380000, 0x00000007f0800000)
  eden space 112640K, 100% used [0x00000007e5d80000,0x00000007ecb80000,0x00000007ecb80000)
  from space 11264K, 98% used [0x00000007ecb80000,0x00000007ed657b18,0x00000007ed680000)
  to   space 28672K, 0% used [0x00000007ee780000,0x00000007ee780000,0x00000007f0380000)
 ParOldGen       total 349696K, used 116061K [0x00000007d0800000, 0x00000007e5d80000, 0x00000007e5d80000)
  object space 349696K, 33% used [0x00000007d0800000,0x00000007d7957698,0x00000007e5d80000)
 Metaspace       used 103947K, capacity 109815K, committed 110336K, reserved 1144832K
  class space    used 13270K, capacity 14417K, committed 14592K, reserved 1048576K
Event: 10487,544 GC heap after
Heap after GC invocations=94 (full 6):
 PSYoungGen      total 141824K, used 5595K [0x00000007e5d80000, 0x00000007f0800000, 0x00000007f0800000)
  eden space 113152K, 0% used [0x00000007e5d80000,0x00000007e5d80000,0x00000007ecc00000)
  from space 28672K, 19% used [0x00000007ee780000,0x00000007eecf6fc8,0x00000007f0380000)
  to   space 28160K, 0% used [0x00000007ecc00000,0x00000007ecc00000,0x00000007ee780000)
 ParOldGen       total 349696K, used 125586K [0x00000007d0800000, 0x00000007e5d80000, 0x00000007e5d80000)
  object space 349696K, 35% used [0x00000007d0800000,0x00000007d82a48e8,0x00000007e5d80000)
 Metaspace       used 103947K, capacity 109815K, committed 110336K, reserved 1144832K
  class space    used 13270K, capacity 14417K, committed 14592K, reserved 1048576K
}
Event: 10492,722 GC heap before
{Heap before GC invocations=95 (full 6):
 PSYoungGen      total 141824K, used 118747K [0x00000007e5d80000, 0x00000007f0800000, 0x00000007f0800000)
  eden space 113152K, 100% used [0x00000007e5d80000,0x00000007ecc00000,0x00000007ecc00000)
  from space 28672K, 19% used [0x00000007ee780000,0x00000007eecf6fc8,0x00000007f0380000)
  to   space 28160K, 0% used [0x00000007ecc00000,0x00000007ecc00000,0x00000007ee780000)
 ParOldGen       total 349696K, used 125586K [0x00000007d0800000, 0x00000007e5d80000, 0x00000007e5d80000)
  object space 349696K, 35% used [0x00000007d0800000,0x00000007d82a48e8,0x00000007e5d80000)
 Metaspace       used 104033K, capacity 109949K, committed 110336K, reserved 1144832K
  class space    used 13285K, capacity 14442K, committed 14592K, reserved 1048576K
Event: 10492,743 GC heap after
Heap after GC invocations=95 (full 6):
 PSYoungGen      total 141312K, used 16081K [0x00000007e5d80000, 0x00000007f0780000, 0x00000007f0800000)
  eden space 113152K, 0% used [0x00000007e5d80000,0x00000007e5d80000,0x00000007ecc00000)
  from space 28160K, 57% used [0x00000007ecc00000,0x00000007edbb4570,0x00000007ee780000)
  to   space 28160K, 0% used [0x00000007eec00000,0x00000007eec00000,0x00000007f0780000)
 ParOldGen       total 349696K, used 127334K [0x00000007d0800000, 0x00000007e5d80000, 0x00000007e5d80000)
  object space 349696K, 36% used [0x00000007d0800000,0x00000007d84598f8,0x00000007e5d80000)
 Metaspace       used 104033K, capacity 109949K, committed 110336K, reserved 1144832K
  class space    used 13285K, capacity 14442K, committed 14592K, reserved 1048576K
}
Event: 10492,928 GC heap before
{Heap before GC invocations=96 (full 6):
 PSYoungGen      total 141312K, used 129233K [0x00000007e5d80000, 0x00000007f0780000, 0x00000007f0800000)
  eden space 113152K, 100% used [0x00000007e5d80000,0x00000007ecc00000,0x00000007ecc00000)
  from space 28160K, 57% used [0x00000007ecc00000,0x00000007edbb4570,0x00000007ee780000)
  to   space 28160K, 0% used [0x00000007eec00000,0x00000007eec00000,0x00000007f0780000)
 ParOldGen       total 349696K, used 127334K [0x00000007d0800000, 0x00000007e5d80000, 0x00000007e5d80000)
  object space 349696K, 36% used [0x00000007d0800000,0x00000007d84598f8,0x00000007e5d80000)
 Metaspace       used 104042K, capacity 110013K, committed 110336K, reserved 1144832K
  class space    used 13285K, capacity 14442K, committed 14592K, reserved 1048576K
Event: 10492,966 GC heap after
Heap after GC invocations=96 (full 6):
 PSYoungGen      total 139264K, used 26420K [0x00000007e5d80000, 0x00000007f0800000, 0x00000007f0800000)
  eden space 111104K, 0% used [0x00000007e5d80000,0x00000007e5d80000,0x00000007eca00000)
  from space 28160K, 93% used [0x00000007eec00000,0x00000007f05cd268,0x00000007f0780000)
  to   space 31744K, 0% used [0x00000007eca00000,0x00000007eca00000,0x00000007ee900000)
 ParOldGen       total 349696K, used 143495K [0x00000007d0800000, 0x00000007e5d80000, 0x00000007e5d80000)
  object space 349696K, 41% used [0x00000007d0800000,0x00000007d9421d70,0x00000007e5d80000)
 Metaspace       used 104042K, capacity 110013K, committed 110336K, reserved 1144832K
  class space    used 13285K, capacity 14442K, committed 14592K, reserved 1048576K
}
Event: 10853,223 GC heap before
{Heap before GC invocations=97 (full 6):
 PSYoungGen      total 139264K, used 137522K [0x00000007e5d80000, 0x00000007f0800000, 0x00000007f0800000)
  eden space 111104K, 99% used [0x00000007e5d80000,0x00000007ec9ff740,0x00000007eca00000)
  from space 28160K, 93% used [0x00000007eec00000,0x00000007f05cd268,0x00000007f0780000)
  to   space 31744K, 0% used [0x00000007eca00000,0x00000007eca00000,0x00000007ee900000)
 ParOldGen       total 349696K, used 143495K [0x00000007d0800000, 0x00000007e5d80000, 0x00000007e5d80000)
  object space 349696K, 41% used [0x00000007d0800000,0x00000007d9421d70,0x00000007e5d80000)
 Metaspace       used 104093K, capacity 110017K, committed 110336K, reserved 1144832K
  class space    used 13285K, capacity 14442K, committed 14592K, reserved 1048576K
Event: 10853,230 GC heap after
Heap after GC invocations=97 (full 6):
 PSYoungGen      total 112128K, used 800K [0x00000007e5d80000, 0x00000007f0800000, 0x00000007f0800000)
  eden space 111104K, 0% used [0x00000007e5d80000,0x00000007e5d80000,0x00000007eca00000)
  from space 1024K, 78% used [0x00000007eca00000,0x00000007ecac8070,0x00000007ecb00000)
  to   space 32256K, 0% used [0x00000007ee880000,0x00000007ee880000,0x00000007f0800000)
 ParOldGen       total 349696K, used 144550K [0x00000007d0800000, 0x00000007e5d80000, 0x00000007e5d80000)
  object space 349696K, 41% used [0x00000007d0800000,0x00000007d9529a58,0x00000007e5d80000)
 Metaspace       used 104093K, capacity 110017K, committed 110336K, reserved 1144832K
  class space    used 13285K, capacity 14442K, committed 14592K, reserved 1048576K
}
Event: 11171,253 GC heap before
{Heap before GC invocations=98 (full 6):
 PSYoungGen      total 112128K, used 111904K [0x00000007e5d80000, 0x00000007f0800000, 0x00000007f0800000)
  eden space 111104K, 100% used [0x00000007e5d80000,0x00000007eca00000,0x00000007eca00000)
  from space 1024K, 78% used [0x00000007eca00000,0x00000007ecac8070,0x00000007ecb00000)
  to   space 32256K, 0% used [0x00000007ee880000,0x00000007ee880000,0x00000007f0800000)
 ParOldGen       total 349696K, used 144550K [0x00000007d0800000, 0x00000007e5d80000, 0x00000007e5d80000)
  object space 349696K, 41% used [0x00000007d0800000,0x00000007d9529a58,0x00000007e5d80000)
 Metaspace       used 104335K, capacity 110511K, committed 110592K, reserved 1144832K
  class space    used 13344K, capacity 14551K, committed 14592K, reserved 1048576K
Event: 11171,284 GC heap after
Heap after GC invocations=98 (full 6):
 PSYoungGen      total 140288K, used 20208K [0x00000007e5d80000, 0x00000007f0800000, 0x00000007f0800000)
  eden space 108032K, 0% used [0x00000007e5d80000,0x00000007e5d80000,0x00000007ec700000)
  from space 32256K, 62% used [0x00000007ee880000,0x00000007efc3c330,0x00000007f0800000)
  to   space 33280K, 0% used [0x00000007ec700000,0x00000007ec700000,0x00000007ee780000)
 ParOldGen       total 349696K, used 145050K [0x00000007d0800000, 0x00000007e5d80000, 0x00000007e5d80000)
  object space 349696K, 41% used [0x00000007d0800000,0x00000007d95a6bf0,0x00000007e5d80000)
 Metaspace       used 104335K, capacity 110511K, committed 110592K, reserved 1144832K
  class space    used 13344K, capacity 14551K, committed 14592K, reserved 1048576K
}

