# JRE version: Java(TM) SE Runtime Environment (8.0_231-b11) (build 1.8.0_231-b11)
# Java VM: Java HotSpot(TM) 64-Bit Server VM (25.231-b11 mixed mode bsd-amd64 compressed oops)
Heap:
 PSYoungGen      total 120320K, used 12368K [0x00000007e5d80000, 0x00000007f0400000, 0x00000007f0800000)
  eden space 72192K, 0% used [0x00000007e5d80000,0x00000007e5d80000,0x00000007ea400000)
  from space 48128K, 25% used [0x00000007ea400000,0x00000007eb014020,0x00000007ed300000)
  to   space 45056K, 0% used [0x00000007ed800000,0x00000007ed800000,0x00000007f0400000)
 ParOldGen       total 349696K, used 325130K [0x00000007d0800000, 0x00000007e5d80000, 0x00000007e5d80000)
  object space 349696K, 92% used [0x00000007d0800000,0x00000007e4582ae0,0x00000007e5d80000)
 Metaspace       used 178514K, capacity 187414K, committed 187648K, reserved 1212416K
  class space    used 22232K, capacity 23919K, committed 24064K, reserved 1048576K
GC Heap History (10 events):
Event: 12221,921 GC heap after
Heap after GC invocations=135 (full 8):
 PSYoungGen      total 113152K, used 9770K [0x00000007e5d80000, 0x00000007f0580000, 0x00000007f0800000)
  eden space 58368K, 0% used [0x00000007e5d80000,0x00000007e5d80000,0x00000007e9680000)
  from space 54784K, 17% used [0x00000007e9680000,0x00000007ea00a9a8,0x00000007ecc00000)
  to   space 52736K, 0% used [0x00000007ed200000,0x00000007ed200000,0x00000007f0580000)
 ParOldGen       total 349696K, used 305586K [0x00000007d0800000, 0x00000007e5d80000, 0x00000007e5d80000)
  object space 349696K, 87% used [0x00000007d0800000,0x00000007e326cba0,0x00000007e5d80000)
 Metaspace       used 178011K, capacity 186460K, committed 187136K, reserved 1212416K
  class space    used 22165K, capacity 23814K, committed 24064K, reserved 1048576K
}
Event: 12223,734 GC heap before
{Heap before GC invocations=136 (full 8):
 PSYoungGen      total 113152K, used 68138K [0x00000007e5d80000, 0x00000007f0580000, 0x00000007f0800000)
  eden space 58368K, 100% used [0x00000007e5d80000,0x00000007e9680000,0x00000007e9680000)
  from space 54784K, 17% used [0x00000007e9680000,0x00000007ea00a9a8,0x00000007ecc00000)
  to   space 52736K, 0% used [0x00000007ed200000,0x00000007ed200000,0x00000007f0580000)
 ParOldGen       total 349696K, used 305586K [0x00000007d0800000, 0x00000007e5d80000, 0x00000007e5d80000)
  object space 349696K, 87% used [0x00000007d0800000,0x00000007e326cba0,0x00000007e5d80000)
 Metaspace       used 178013K, capacity 186460K, committed 187136K, reserved 1212416K
  class space    used 22165K, capacity 23814K, committed 24064K, reserved 1048576K
Event: 12223,753 GC heap after
Heap after GC invocations=136 (full 8):
 PSYoungGen      total 118272K, used 3476K [0x00000007e5d80000, 0x00000007f0400000, 0x00000007f0800000)
  eden space 67072K, 0% used [0x00000007e5d80000,0x00000007e5d80000,0x00000007e9f00000)
  from space 51200K, 6% used [0x00000007ed200000,0x00000007ed5653f0,0x00000007f0400000)
  to   space 51712K, 0% used [0x00000007e9f00000,0x00000007e9f00000,0x00000007ed180000)
 ParOldGen       total 349696K, used 314732K [0x00000007d0800000, 0x00000007e5d80000, 0x00000007e5d80000)
  object space 349696K, 90% used [0x00000007d0800000,0x00000007e3b5b0a8,0x00000007e5d80000)
 Metaspace       used 178013K, capacity 186460K, committed 187136K, reserved 1212416K
  class space    used 22165K, capacity 23814K, committed 24064K, reserved 1048576K
}
Event: 12224,609 GC heap before
{Heap before GC invocations=137 (full 8):
 PSYoungGen      total 118272K, used 70548K [0x00000007e5d80000, 0x00000007f0400000, 0x00000007f0800000)
  eden space 67072K, 100% used [0x00000007e5d80000,0x00000007e9f00000,0x00000007e9f00000)
  from space 51200K, 6% used [0x00000007ed200000,0x00000007ed5653f0,0x00000007f0400000)
  to   space 51712K, 0% used [0x00000007e9f00000,0x00000007e9f00000,0x00000007ed180000)
 ParOldGen       total 349696K, used 314732K [0x00000007d0800000, 0x00000007e5d80000, 0x00000007e5d80000)
  object space 349696K, 90% used [0x00000007d0800000,0x00000007e3b5b0a8,0x00000007e5d80000)
 Metaspace       used 178017K, capacity 186464K, committed 187136K, reserved 1212416K
  class space    used 22165K, capacity 23814K, committed 24064K, reserved 1048576K
Event: 12224,618 GC heap after
Heap after GC invocations=137 (full 8):
 PSYoungGen      total 118784K, used 352K [0x00000007e5d80000, 0x00000007f0680000, 0x00000007f0800000)
  eden space 67072K, 0% used [0x00000007e5d80000,0x00000007e5d80000,0x00000007e9f00000)
  from space 51712K, 0% used [0x00000007e9f00000,0x00000007e9f58000,0x00000007ed180000)
  to   space 50688K, 0% used [0x00000007ed500000,0x00000007ed500000,0x00000007f0680000)
 ParOldGen       total 349696K, used 317085K [0x00000007d0800000, 0x00000007e5d80000, 0x00000007e5d80000)
  object space 349696K, 90% used [0x00000007d0800000,0x00000007e3da77c0,0x00000007e5d80000)
 Metaspace       used 178017K, capacity 186464K, committed 187136K, reserved 1212416K
  class space    used 22165K, capacity 23814K, committed 24064K, reserved 1048576K
}
Event: 12721,157 GC heap before
{Heap before GC invocations=138 (full 8):
 PSYoungGen      total 118784K, used 67424K [0x00000007e5d80000, 0x00000007f0680000, 0x00000007f0800000)
  eden space 67072K, 100% used [0x00000007e5d80000,0x00000007e9f00000,0x00000007e9f00000)
  from space 51712K, 0% used [0x00000007e9f00000,0x00000007e9f58000,0x00000007ed180000)
  to   space 50688K, 0% used [0x00000007ed500000,0x00000007ed500000,0x00000007f0680000)
 ParOldGen       total 349696K, used 317085K [0x00000007d0800000, 0x00000007e5d80000, 0x00000007e5d80000)
  object space 349696K, 90% used [0x00000007d0800000,0x00000007e3da77c0,0x00000007e5d80000)
 Metaspace       used 178420K, capacity 187078K, committed 187392K, reserved 1212416K
  class space    used 22219K, capacity 23895K, committed 24064K, reserved 1048576K
Event: 12721,191 GC heap after
Heap after GC invocations=138 (full 8):
 PSYoungGen      total 118272K, used 8828K [0x00000007e5d80000, 0x00000007f0200000, 0x00000007f0800000)
  eden space 72192K, 0% used [0x00000007e5d80000,0x00000007e5d80000,0x00000007ea400000)
  from space 46080K, 19% used [0x00000007ed500000,0x00000007edd9f0c0,0x00000007f0200000)
  to   space 48128K, 0% used [0x00000007ea400000,0x00000007ea400000,0x00000007ed300000)
 ParOldGen       total 349696K, used 317117K [0x00000007d0800000, 0x00000007e5d80000, 0x00000007e5d80000)
  object space 349696K, 90% used [0x00000007d0800000,0x00000007e3daf7c0,0x00000007e5d80000)
 Metaspace       used 178420K, capacity 187078K, committed 187392K, reserved 1212416K
  class space    used 22219K, capacity 23895K, committed 24064K, reserved 1048576K
}
Event: 12722,195 GC heap before
{Heap before GC invocations=139 (full 8):
 PSYoungGen      total 118272K, used 81020K [0x00000007e5d80000, 0x00000007f0200000, 0x00000007f0800000)
  eden space 72192K, 100% used [0x00000007e5d80000,0x00000007ea400000,0x00000007ea400000)
  from space 46080K, 19% used [0x00000007ed500000,0x00000007edd9f0c0,0x00000007f0200000)
  to   space 48128K, 0% used [0x00000007ea400000,0x00000007ea400000,0x00000007ed300000)
 ParOldGen       total 349696K, used 317117K [0x00000007d0800000, 0x00000007e5d80000, 0x00000007e5d80000)
  object space 349696K, 90% used [0x00000007d0800000,0x00000007e3daf7c0,0x00000007e5d80000)
 Metaspace       used 178514K, capacity 187414K, committed 187648K, reserved 1212416K
  class space    used 22232K, capacity 23919K, committed 24064K, reserved 1048576K
Event: 12722,236 GC heap after
Heap after GC invocations=139 (full 8):
 PSYoungGen      total 120320K, used 12368K [0x00000007e5d80000, 0x00000007f0400000, 0x00000007f0800000)
  eden space 72192K, 0% used [0x00000007e5d80000,0x00000007e5d80000,0x00000007ea400000)
  from space 48128K, 25% used [0x00000007ea400000,0x00000007eb014020,0x00000007ed300000)
  to   space 45056K, 0% used [0x00000007ed800000,0x00000007ed800000,0x00000007f0400000)
 ParOldGen       total 349696K, used 325130K [0x00000007d0800000, 0x00000007e5d80000, 0x00000007e5d80000)
  object space 349696K, 92% used [0x00000007d0800000,0x00000007e4582ae0,0x00000007e5d80000)
 Metaspace       used 178514K, capacity 187414K, committed 187648K, reserved 1212416K
  class space    used 22232K, capacity 23919K, committed 24064K, reserved 1048576K
}
Event: 12722,236 GC heap before
{Heap before GC invocations=140 (full 9):
 PSYoungGen      total 120320K, used 12368K [0x00000007e5d80000, 0x00000007f0400000, 0x00000007f0800000)
  eden space 72192K, 0% used [0x00000007e5d80000,0x00000007e5d80000,0x00000007ea400000)
  from space 48128K, 25% used [0x00000007ea400000,0x00000007eb014020,0x00000007ed300000)
  to   space 45056K, 0% used [0x00000007ed800000,0x00000007ed800000,0x00000007f0400000)
 ParOldGen       total 349696K, used 325130K [0x00000007d0800000, 0x00000007e5d80000, 0x00000007e5d80000)
  object space 349696K, 92% used [0x00000007d0800000,0x00000007e4582ae0,0x00000007e5d80000)
 Metaspace       used 178514K, capacity 187414K, committed 187648K, reserved 1212416K
  class space    used 22232K, capacity 23919K, committed 24064K, reserved 1048576K

